{INFO}    com.app.service.HelloLogService    hello from log service helloLog()     29-Dec-2020 Tuesday PST 10:25:24
{INFO}    com.app.service.HelloLogService    bye bye from log service helloLog()     29-Dec-2020 Tuesday PST 10:25:24
{INFO}    com.app.service.HelloLogService    hello from log service helloLog()     29-Dec-2020 Tuesday PST 10:29:21
{INFO}    com.app.service.HelloLogService    bye bye from log service helloLog()     29-Dec-2020 Tuesday PST 10:29:21
{INFO}    com.app.service.HelloLogService    hello from log service helloLog()     29-Dec-2020 Tuesday PST 10:29:28
{INFO}    com.app.service.HelloLogService    bye bye from log service helloLog()     29-Dec-2020 Tuesday PST 10:29:28
{INFO}    com.app.service.HelloLogService    hello from log service helloLog()     29-Dec-2020 Tuesday PST 10:31:17
{INFO}    com.app.service.HelloLogService    bye bye from log service helloLog()     29-Dec-2020 Tuesday PST 10:31:17
{INFO}    com.app.service.HelloLogService    hello from log service helloLog()     -Dec-2020 Tuesday PST 10:32:44
{INFO}    com.app.service.HelloLogService    bye bye from log service helloLog()     -Dec-2020 Tuesday PST 10:32:44
{INFO}    com.app.service.HelloLogService    hello from log service helloLog()             29-Dec-2020 Tuesday PST 10:36:31
{INFO}    com.app.service.HelloLogService    bye bye from log service helloLog()             29-Dec-2020 Tuesday PST 10:36:31
{INFO}    com.app.service.HelloLogService    hello from log service helloLog()     29-Dec-2020 Tuesday PST 10:36:54
{INFO}    com.app.service.HelloLogService    bye bye from log service helloLog()     29-Dec-2020 Tuesday PST 10:36:54
{INFO}    com.app.service.HelloLogService    hello from log service helloLog()     29-Dec-2020 Tuesday PST 10:38:05
{INFO}    com.app.service.HelloLogService    bye bye from log service helloLog()     29-Dec-2020 Tuesday PST 10:38:05
{INFO}    com.app.service.HelloLogService    hello from log service helloLog()     29-Dec-2020 Tuesday PST 10:42:20%10n{INFO}    com.app.service.HelloLogService    bye bye from log service helloLog()     29-Dec-2020 Tuesday PST 10:42:20%10n{INFO}    com.app.service.HelloLogService    hello from log service helloLog()     29-Dec-2020 Tuesday PST 10:42:41
{INFO}    com.app.service.HelloLogService    bye bye from log service helloLog()     29-Dec-2020 Tuesday PST 10:42:41
{INFO}    com.app.service.HelloLogService    hello from log service helloLog()     %20 29-Dec-2020 Tuesday PST 10:45:50
{INFO}    com.app.service.HelloLogService    bye bye from log service helloLog()     %20 29-Dec-2020 Tuesday PST 10:45:50
{INFO}    com.app.service.HelloLogService    hello from log service helloLog()     29-Dec-2020 Tuesday PST 10:56:14
{INFO}    com.app.service.HelloLogService    bye bye from log service helloLog()     29-Dec-2020 Tuesday PST 10:56:14
{INFO}    com.app.service.HelloLogService    hello from log service helloLog()     29-Dec-2020 Tuesday PST 10:57:27
{INFO}    com.app.service.HelloLogService    bye bye from log service helloLog()     29-Dec-2020 Tuesday PST 10:57:27
{INFO}    com.app.service.HelloLogService    hello from log service helloLog()     29-Dec-2020 Tuesday PST 10:57:53
{INFO}    com.app.service.HelloLogService    bye bye from log service helloLog()     29-Dec-2020 Tuesday PST 10:57:53
